<?xml version="1.0" encoding="UTF-8"?>
<!-- Generated by org.testng.reporters.JUnitXMLReporter -->
<testsuite hostname="Dell-PC" ignored="0" name="Test" tests="4" failures="1" timestamp="27 Apr 2021 10:28:44 GMT" time="71.155" errors="0">
  <testcase name="registerTestpage" time="19.557" classname="com.cjc.dws.tests.AllTestcomb">
    <failure type="java.lang.NullPointerException">
      <![CDATA[java.lang.NullPointerException
at com.cjc.dws.tests.Registertest.regPage(Registertest.java:53)
at com.cjc.dws.tests.AllTestcomb.registerTestpage(AllTestcomb.java:61)
... Removed 28 stack frames]]>
    </failure>
  </testcase> <!-- registerTestpage -->
  <testcase name="cartdtest" time="16.181" classname="com.cjc.dws.tests.AllTestcomb"/>
  <testcase name="shopingtest" time="11.002" classname="com.cjc.dws.tests.AllTestcomb"/>
  <testcase name="checkouttest" time="18.109" classname="com.cjc.dws.tests.AllTestcomb"/>
</testsuite> <!-- Test -->
