<?xml version="1.0" encoding="UTF-8"?>
<testng-results skipped="0" failed="1" ignored="0" total="4" passed="3">
  <reporter-output>
  </reporter-output>
  <suite name="Suite" duration-ms="61703" started-at="2021-04-26T06:31:42Z" finished-at="2021-04-26T06:32:44Z">
    <groups>
    </groups>
    <test name="Test" duration-ms="61703" started-at="2021-04-26T06:31:42Z" finished-at="2021-04-26T06:32:44Z">
      <class name="com.cjc.dws.tests.AllTestcomb">
        <test-method status="PASS" signature="openBrowser()[pri:0, instance:com.cjc.dws.tests.AllTestcomb@7bc1a03d]" name="openBrowser" is-config="true" duration-ms="3165" started-at="2021-04-26T06:31:39Z" finished-at="2021-04-26T06:31:42Z">
          <reporter-output>
          </reporter-output>
        </test-method> <!-- openBrowser -->
        <test-method status="PASS" signature="openURL()[pri:0, instance:com.cjc.dws.tests.AllTestcomb@7bc1a03d]" name="openURL" is-config="true" duration-ms="5602" started-at="2021-04-26T06:31:42Z" finished-at="2021-04-26T06:31:47Z">
          <reporter-output>
          </reporter-output>
        </test-method> <!-- openURL -->
        <test-method status="PASS" signature="maximize()[pri:0, instance:com.cjc.dws.tests.AllTestcomb@7bc1a03d]" name="maximize" is-config="true" duration-ms="482" started-at="2021-04-26T06:31:48Z" finished-at="2021-04-26T06:31:48Z">
          <reporter-output>
          </reporter-output>
        </test-method> <!-- maximize -->
        <test-method status="PASS" signature="cookies()[pri:0, instance:com.cjc.dws.tests.AllTestcomb@7bc1a03d]" name="cookies" is-config="true" duration-ms="1" started-at="2021-04-26T06:31:48Z" finished-at="2021-04-26T06:31:48Z">
          <reporter-output>
          </reporter-output>
        </test-method> <!-- cookies -->
        <test-method status="FAIL" signature="registerTestpage()[pri:1, instance:com.cjc.dws.tests.AllTestcomb@7bc1a03d]" name="registerTestpage" duration-ms="11412" started-at="2021-04-26T06:31:48Z" finished-at="2021-04-26T06:31:59Z">
          <exception class="java.lang.NullPointerException">
            <full-stacktrace>
              <![CDATA[java.lang.NullPointerException
at com.cjc.dws.tests.Registertest.regPage(Registertest.java:53)
at com.cjc.dws.tests.AllTestcomb.registerTestpage(AllTestcomb.java:61)
at sun.reflect.NativeMethodAccessorImpl.invoke0(Native Method)
at sun.reflect.NativeMethodAccessorImpl.invoke(NativeMethodAccessorImpl.java:62)
at sun.reflect.DelegatingMethodAccessorImpl.invoke(DelegatingMethodAccessorImpl.java:43)
at java.lang.reflect.Method.invoke(Method.java:498)
at org.testng.internal.MethodInvocationHelper.invokeMethod(MethodInvocationHelper.java:124)
at org.testng.internal.Invoker.invokeMethod(Invoker.java:583)
at org.testng.internal.Invoker.invokeTestMethod(Invoker.java:719)
at org.testng.internal.Invoker.invokeTestMethods(Invoker.java:989)
at org.testng.internal.TestMethodWorker.invokeTestMethods(TestMethodWorker.java:125)
at org.testng.internal.TestMethodWorker.run(TestMethodWorker.java:109)
at org.testng.TestRunner.privateRun(TestRunner.java:648)
at org.testng.TestRunner.run(TestRunner.java:505)
at org.testng.SuiteRunner.runTest(SuiteRunner.java:455)
at org.testng.SuiteRunner.runSequentially(SuiteRunner.java:450)
at org.testng.SuiteRunner.privateRun(SuiteRunner.java:415)
at org.testng.SuiteRunner.run(SuiteRunner.java:364)
at org.testng.SuiteRunnerWorker.runSuite(SuiteRunnerWorker.java:52)
at org.testng.SuiteRunnerWorker.run(SuiteRunnerWorker.java:84)
at org.testng.TestNG.runSuitesSequentially(TestNG.java:1208)
at org.testng.TestNG.runSuitesLocally(TestNG.java:1137)
at org.testng.TestNG.runSuites(TestNG.java:1049)
at org.testng.TestNG.run(TestNG.java:1017)
at org.apache.maven.surefire.testng.TestNGExecutor.run(TestNGExecutor.java:293)
at org.apache.maven.surefire.testng.TestNGXmlTestSuite.execute(TestNGXmlTestSuite.java:84)
at org.apache.maven.surefire.testng.TestNGProvider.invoke(TestNGProvider.java:91)
at org.apache.maven.surefire.booter.ForkedBooter.invokeProviderInSameClassLoader(ForkedBooter.java:200)
at org.apache.maven.surefire.booter.ForkedBooter.runSuitesInProcess(ForkedBooter.java:153)
at org.apache.maven.surefire.booter.ForkedBooter.main(ForkedBooter.java:103)
]]>
            </full-stacktrace>
          </exception> <!-- java.lang.NullPointerException -->
          <reporter-output>
          </reporter-output>
        </test-method> <!-- registerTestpage -->
        <test-method status="PASS" signature="cookies()[pri:0, instance:com.cjc.dws.tests.AllTestcomb@7bc1a03d]" name="cookies" is-config="true" duration-ms="1" started-at="2021-04-26T06:31:59Z" finished-at="2021-04-26T06:31:59Z">
          <reporter-output>
          </reporter-output>
        </test-method> <!-- cookies -->
        <test-method status="PASS" signature="cartdtest()[pri:2, instance:com.cjc.dws.tests.AllTestcomb@7bc1a03d]" name="cartdtest" duration-ms="15901" started-at="2021-04-26T06:31:59Z" finished-at="2021-04-26T06:32:15Z">
          <reporter-output>
          </reporter-output>
        </test-method> <!-- cartdtest -->
        <test-method status="PASS" signature="cookies()[pri:0, instance:com.cjc.dws.tests.AllTestcomb@7bc1a03d]" name="cookies" is-config="true" duration-ms="1" started-at="2021-04-26T06:32:15Z" finished-at="2021-04-26T06:32:15Z">
          <reporter-output>
          </reporter-output>
        </test-method> <!-- cookies -->
        <test-method status="PASS" signature="shopingtest()[pri:3, instance:com.cjc.dws.tests.AllTestcomb@7bc1a03d]" name="shopingtest" duration-ms="9889" started-at="2021-04-26T06:32:15Z" finished-at="2021-04-26T06:32:25Z">
          <reporter-output>
          </reporter-output>
        </test-method> <!-- shopingtest -->
        <test-method status="PASS" signature="cookies()[pri:0, instance:com.cjc.dws.tests.AllTestcomb@7bc1a03d]" name="cookies" is-config="true" duration-ms="1" started-at="2021-04-26T06:32:25Z" finished-at="2021-04-26T06:32:25Z">
          <reporter-output>
          </reporter-output>
        </test-method> <!-- cookies -->
        <test-method status="PASS" signature="checkouttest()[pri:4, instance:com.cjc.dws.tests.AllTestcomb@7bc1a03d]" name="checkouttest" duration-ms="18352" started-at="2021-04-26T06:32:25Z" finished-at="2021-04-26T06:32:44Z">
          <reporter-output>
          </reporter-output>
        </test-method> <!-- checkouttest -->
      </class> <!-- com.cjc.dws.tests.AllTestcomb -->
    </test> <!-- Test -->
  </suite> <!-- Suite -->
</testng-results>
