<?xml version="1.0" encoding="UTF-8"?>
<testsuite name="TestSuite" time="70.311" tests="4" errors="0" skipped="0" failures="2">
  <properties>
[...]
</properties>
  <testcase name="registerTestpage" classname="com.cjc.dws.tests.AllTestcomb" time="14.561">
    <failure type="java.lang.NullPointerException:">java.lang.NullPointerException: null
	at com.cjc.dws.tests.Registertest.regPage(Registertest.java:53)
	at com.cjc.dws.tests.AllTestcomb.registerTestpage(AllTestcomb.java:61)
</failure>
    <system-out><![CDATA[[TestNGContentHandler] [WARN] It is strongly recommended to add "<!DOCTYPE suite SYSTEM "http://testng.org/testng-1.0.dtd" >" at the top of your file, otherwise TestNG may fail or not work as expected.
Open Chrome
Open URL
Cookies addedd successfully
This is constructor
Row count: 3
first Name: Shubham
Last Name: Rathod
Email: jsffgdf23@gamil.com
Password: wwxxww
Confirm Password: wwxxww
Gender click
gender clicked
First Name Entered
Last Name Entered
Email Entered
Password Entered
Confirm password Entered
Registered Succesfully
]]></system-out>
    <system-err><![CDATA[Starting ChromeDriver 89.0.4389.23 (61b08ee2c50024bab004e48d2b1b083cdbdac579-refs/branch-heads/4389@{#294}) on port 44180
Only local connections are allowed.
Please see https://chromedriver.chromium.org/security-considerations for suggestions on keeping ChromeDriver safe.
ChromeDriver was started successfully.
[1619383061.777][WARNING]: This version of ChromeDriver has not been tested with Chrome version 90.
Apr 26, 2021 2:07:49 AM org.openqa.selenium.remote.ProtocolHandshake createSession
INFO: Detected dialect: W3C
]]></system-err>
  </testcase>
  <testcase name="cartdtest" classname="com.cjc.dws.tests.AllTestcomb" time="18.259"/>
  <testcase name="shopingtest" classname="com.cjc.dws.tests.AllTestcomb" time="10.713"/>
  <testcase name="checkouttest" classname="com.cjc.dws.tests.AllTestcomb" time="26.778">
    <failure message="timeout: Timed out receiving message from renderer: 10.000&#10;  (Session info: chrome=90.0.4430.85)&#10;Build info: version: &apos;3.141.59&apos;, revision: &apos;e82be7d358&apos;, time: &apos;2018-11-14T08:17:03&apos;&#10;System info: host: &apos;DELL-PC&apos;, ip: &apos;192.168.43.50&apos;, os.name: &apos;Windows 7&apos;, os.arch: &apos;amd64&apos;, os.version: &apos;6.1&apos;, java.version: &apos;1.8.0_144&apos;&#10;Driver info: org.openqa.selenium.chrome.ChromeDriver&#10;Capabilities {acceptInsecureCerts: false, browserName: chrome, browserVersion: 90.0.4430.85, chrome: {chromedriverVersion: 89.0.4389.23 (61b08ee2c5002..., userDataDir: C:\Users\Dell\AppData\Local...}, goog:chromeOptions: {debuggerAddress: localhost:53040}, javascriptEnabled: true, networkConnectionEnabled: false, pageLoadStrategy: normal, platform: WINDOWS, platformName: WINDOWS, proxy: Proxy(), setWindowRect: true, strictFileInteractability: false, timeouts: {implicit: 0, pageLoad: 300000, script: 30000}, unhandledPromptBehavior: dismiss and notify, webauthn:extension:largeBlob: true, webauthn:virtualAuthenticators: true}&#10;Session ID: 81b30d57f220c97686d01cad3c28e3ae" type="org.openqa.selenium.TimeoutException">org.openqa.selenium.TimeoutException: timeout: Timed out receiving message from renderer: 10.000
  (Session info: chrome=90.0.4430.85)
Build info: version: '3.141.59', revision: 'e82be7d358', time: '2018-11-14T08:17:03'
System info: host: 'DELL-PC', ip: '192.168.43.50', os.name: 'Windows 7', os.arch: 'amd64', os.version: '6.1', java.version: '1.8.0_144'
Driver info: org.openqa.selenium.chrome.ChromeDriver
Capabilities {acceptInsecureCerts: false, browserName: chrome, browserVersion: 90.0.4430.85, chrome: {chromedriverVersion: 89.0.4389.23 (61b08ee2c5002..., userDataDir: C:\Users\Dell\AppData\Local...}, goog:chromeOptions: {debuggerAddress: localhost:53040}, javascriptEnabled: true, networkConnectionEnabled: false, pageLoadStrategy: normal, platform: WINDOWS, platformName: WINDOWS, proxy: Proxy(), setWindowRect: true, strictFileInteractability: false, timeouts: {implicit: 0, pageLoad: 300000, script: 30000}, unhandledPromptBehavior: dismiss and notify, webauthn:extension:largeBlob: true, webauthn:virtualAuthenticators: true}
Session ID: 81b30d57f220c97686d01cad3c28e3ae
	at sun.reflect.NativeConstructorAccessorImpl.newInstance0(Native Method)
	at sun.reflect.NativeConstructorAccessorImpl.newInstance(NativeConstructorAccessorImpl.java:62)
	at sun.reflect.DelegatingConstructorAccessorImpl.newInstance(DelegatingConstructorAccessorImpl.java:45)
	at java.lang.reflect.Constructor.newInstance(Constructor.java:423)
	at org.openqa.selenium.remote.http.W3CHttpResponseCodec.createException(W3CHttpResponseCodec.java:187)
	at org.openqa.selenium.remote.http.W3CHttpResponseCodec.decode(W3CHttpResponseCodec.java:122)
	at org.openqa.selenium.remote.http.W3CHttpResponseCodec.decode(W3CHttpResponseCodec.java:49)
	at org.openqa.selenium.remote.HttpCommandExecutor.execute(HttpCommandExecutor.java:158)
	at org.openqa.selenium.remote.service.DriverCommandExecutor.execute(DriverCommandExecutor.java:83)
	at org.openqa.selenium.remote.RemoteWebDriver.execute(RemoteWebDriver.java:552)
	at org.openqa.selenium.remote.RemoteWebElement.execute(RemoteWebElement.java:285)
	at org.openqa.selenium.remote.RemoteWebElement.click(RemoteWebElement.java:84)
	at sun.reflect.GeneratedMethodAccessor1.invoke(Unknown Source)
	at sun.reflect.DelegatingMethodAccessorImpl.invoke(DelegatingMethodAccessorImpl.java:43)
	at java.lang.reflect.Method.invoke(Method.java:498)
	at org.openqa.selenium.support.pagefactory.internal.LocatingElementHandler.invoke(LocatingElementHandler.java:51)
	at com.sun.proxy.$Proxy9.click(Unknown Source)
	at com.cjc.dws.pages.CheckoutProcess.orderno(CheckoutProcess.java:87)
	at com.cjc.dws.tests.Checkouttest.checkouttest(Checkouttest.java:37)
	at com.cjc.dws.tests.AllTestcomb.checkouttest(AllTestcomb.java:91)
</failure>
    <system-out><![CDATA[Cookies addedd successfully
This is constructor
Order number: 913858
]]></system-out>
    <system-err><![CDATA[[1619383146.273][SEVERE]: Timed out receiving message from renderer: 10.000
[1619383146.335][SEVERE]: Timed out receiving message from renderer: 10.000
]]></system-err>
  </testcase>
</testsuite>