<?xml version="1.0" encoding="UTF-8"?>
<!-- Generated by org.testng.reporters.JUnitXMLReporter -->
<testsuite hostname="Dell-PC" ignored="0" name="Default test" tests="4" failures="0" timestamp="2021-05-14T22:25:38 IST" time="76.967" errors="0">
  <testcase name="regPage" time="11.491" classname="com.cjc.dws.tests.AllTestcombine"/>
  <testcase name="addtocart" time="34.318" classname="com.cjc.dws.tests.AllTestcombine"/>
  <testcase name="shoptest" time="9.775" classname="com.cjc.dws.tests.AllTestcombine"/>
  <testcase name="checkouttest" time="17.02" classname="com.cjc.dws.tests.AllTestcombine"/>
</testsuite> <!-- Default test -->
