<?xml version="1.0" encoding="UTF-8"?>
<!-- Generated by org.testng.reporters.JUnitXMLReporter -->
<testsuite hostname="Dell-PC" ignored="0" name="Default test" tests="4" failures="0" timestamp="2021-05-14T22:12:21 IST" time="76.726" errors="0">
  <testcase name="regPage" time="15.078" classname="com.cjc.dws.tests.AllTestcombine"/>
  <testcase name="addtocart" time="29.574" classname="com.cjc.dws.tests.AllTestcombine"/>
  <testcase name="shoptest" time="9.953" classname="com.cjc.dws.tests.AllTestcombine"/>
  <testcase name="checkouttest" time="17.345" classname="com.cjc.dws.tests.AllTestcombine"/>
</testsuite> <!-- Default test -->
