<?xml version="1.0" encoding="UTF-8"?>
<testng-results skipped="0" failed="0" ignored="0" total="4" passed="4">
  <reporter-output>
  </reporter-output>
  <suite name="Default suite" duration-ms="76967" started-at="2021-05-14T22:24:21 IST" finished-at="2021-05-14T22:25:38 IST">
    <groups>
    </groups>
    <test name="Default test" duration-ms="76967" started-at="2021-05-14T22:24:21 IST" finished-at="2021-05-14T22:25:38 IST">
      <class name="com.cjc.dws.tests.AllTestcombine">
        <test-method status="PASS" signature="openBrowser()[pri:0, instance:com.cjc.dws.tests.AllTestcombine@66d1af89]" name="openBrowser" is-config="true" duration-ms="3102" started-at="2021-05-14T22:24:18 IST" finished-at="2021-05-14T22:24:21 IST">
          <reporter-output>
          </reporter-output>
        </test-method> <!-- openBrowser -->
        <test-method status="PASS" signature="openURL()[pri:0, instance:com.cjc.dws.tests.AllTestcombine@66d1af89]" name="openURL" is-config="true" duration-ms="3879" started-at="2021-05-14T22:24:21 IST" finished-at="2021-05-14T22:24:25 IST">
          <reporter-output>
          </reporter-output>
        </test-method> <!-- openURL -->
        <test-method status="PASS" signature="maximize()[pri:0, instance:com.cjc.dws.tests.AllTestcombine@66d1af89]" name="maximize" is-config="true" duration-ms="412" started-at="2021-05-14T22:24:25 IST" finished-at="2021-05-14T22:24:26 IST">
          <reporter-output>
          </reporter-output>
        </test-method> <!-- maximize -->
        <test-method status="PASS" signature="cookies()[pri:0, instance:com.cjc.dws.tests.AllTestcombine@66d1af89]" name="cookies" is-config="true" duration-ms="1" started-at="2021-05-14T22:24:26 IST" finished-at="2021-05-14T22:24:26 IST">
          <reporter-output>
          </reporter-output>
        </test-method> <!-- cookies -->
        <test-method status="PASS" signature="regPage()[pri:1, instance:com.cjc.dws.tests.AllTestcombine@66d1af89]" name="regPage" duration-ms="11491" started-at="2021-05-14T22:24:26 IST" finished-at="2021-05-14T22:24:37 IST">
          <reporter-output>
          </reporter-output>
        </test-method> <!-- regPage -->
        <test-method status="PASS" signature="cookies()[pri:0, instance:com.cjc.dws.tests.AllTestcombine@66d1af89]" name="cookies" is-config="true" duration-ms="1" started-at="2021-05-14T22:24:37 IST" finished-at="2021-05-14T22:24:37 IST">
          <reporter-output>
          </reporter-output>
        </test-method> <!-- cookies -->
        <test-method status="PASS" signature="addtocart()[pri:2, instance:com.cjc.dws.tests.AllTestcombine@66d1af89]" name="addtocart" duration-ms="34318" started-at="2021-05-14T22:24:37 IST" finished-at="2021-05-14T22:25:12 IST">
          <reporter-output>
          </reporter-output>
        </test-method> <!-- addtocart -->
        <test-method status="PASS" signature="shoptest()[pri:3, instance:com.cjc.dws.tests.AllTestcombine@66d1af89]" name="shoptest" duration-ms="9775" started-at="2021-05-14T22:25:12 IST" finished-at="2021-05-14T22:25:21 IST">
          <reporter-output>
          </reporter-output>
        </test-method> <!-- shoptest -->
        <test-method status="PASS" signature="cookies()[pri:0, instance:com.cjc.dws.tests.AllTestcombine@66d1af89]" name="cookies" is-config="true" duration-ms="0" started-at="2021-05-14T22:25:12 IST" finished-at="2021-05-14T22:25:12 IST">
          <reporter-output>
          </reporter-output>
        </test-method> <!-- cookies -->
        <test-method status="PASS" signature="cookies()[pri:0, instance:com.cjc.dws.tests.AllTestcombine@66d1af89]" name="cookies" is-config="true" duration-ms="1" started-at="2021-05-14T22:25:21 IST" finished-at="2021-05-14T22:25:21 IST">
          <reporter-output>
          </reporter-output>
        </test-method> <!-- cookies -->
        <test-method status="PASS" signature="checkouttest()[pri:4, instance:com.cjc.dws.tests.AllTestcombine@66d1af89]" name="checkouttest" duration-ms="17020" started-at="2021-05-14T22:25:21 IST" finished-at="2021-05-14T22:25:38 IST">
          <reporter-output>
          </reporter-output>
        </test-method> <!-- checkouttest -->
      </class> <!-- com.cjc.dws.tests.AllTestcombine -->
    </test> <!-- Default test -->
  </suite> <!-- Default suite -->
</testng-results>
