<?xml version="1.0" encoding="UTF-8"?>
<!-- Generated by org.testng.reporters.JUnitXMLReporter -->
<testsuite hostname="Dell-PC" ignored="0" name="Test" tests="4" failures="0" timestamp="14 May 2021 15:50:46 GMT" time="76.462" errors="0">
  <testcase name="regPage" time="12.94" classname="com.cjc.dws.tests.AllTestcombine"/>
  <testcase name="addtocart" time="32.251" classname="com.cjc.dws.tests.AllTestcombine"/>
  <testcase name="shoptest" time="9.766" classname="com.cjc.dws.tests.AllTestcombine"/>
  <testcase name="checkouttest" time="17.516" classname="com.cjc.dws.tests.AllTestcombine"/>
</testsuite> <!-- Test -->
