<?xml version="1.0" encoding="UTF-8"?>
<!-- Generated by org.testng.reporters.JUnitXMLReporter -->
<testsuite hostname="Dell-PC" ignored="1" name="Test" tests="2" failures="1" timestamp="2021-04-23T11:58:03 IST" time="10.886" errors="0">
  <testcase name="BrowserOpen" time="9.535" classname="com.cjc.dws.tests.BrowserTest"/>
  <testcase name="Registerdata" time="1.277" classname="com.cjc.dws.tests.Registertest">
    <failure type="java.lang.NullPointerException">
      <![CDATA[java.lang.NullPointerException
at org.openqa.selenium.support.pagefactory.DefaultElementLocator.findElement(DefaultElementLocator.java:69)
at org.openqa.selenium.support.pagefactory.internal.LocatingElementHandler.invoke(LocatingElementHandler.java:38)
at com.sun.proxy.$Proxy7.click(Unknown Source)
at com.cjc.dws.pages.Registerpage.bt(Registerpage.java:51)
at com.cjc.dws.tests.Registertest.Registerdata(Registertest.java:66)
at java.util.ArrayList.forEach(ArrayList.java:1249)
... Removed 27 stack frames]]>
    </failure>
  </testcase> <!-- Registerdata -->
  <testcase name="BrowserOpen" time="0.0" classname="com.cjc.dws.tests.BrowserTest">
    <ignored/>
  </testcase> <!-- BrowserOpen -->
</testsuite> <!-- Test -->
